[debug] [2025-12-05T18:27:01.074Z] ----------------------------------------------------------------------
[debug] [2025-12-05T18:27:01.078Z] Command:       C:\Program Files\nodejs\node.exe C:\Users\Pc\AppData\Roaming\npm\node_modules\firebase-tools\lib\bin\firebase.js init
[debug] [2025-12-05T18:27:01.078Z] CLI Version:   14.27.0
[debug] [2025-12-05T18:27:01.078Z] Platform:      win32
[debug] [2025-12-05T18:27:01.078Z] Node Version:  v24.11.1
[debug] [2025-12-05T18:27:01.078Z] Time:          Fri Dec 05 2025 20:27:01 GMT+0200 (Eastern European Standard Time)
[debug] [2025-12-05T18:27:01.078Z] ----------------------------------------------------------------------
[debug] 
[info] 
     ######## #### ########  ######## ########     ###     ######  ########
     ##        ##  ##     ## ##       ##     ##  ##   ##  ##       ##
     ######    ##  ########  ######   ########  #########  ######  ######
     ##        ##  ##    ##  ##       ##     ## ##     ##       ## ##
     ##       #### ##     ## ######## ########  ##     ##  ######  ########

You're about to initialize a Firebase project in this directory:

  D:\PRIVATE.WORK\HTML\NDEDC_Meter_Calib\App

Before we get started, keep in mind:

  * You are initializing within an existing Firebase project directory

[info] 
=== Project Setup
[info] 
[info] First, let's associate this project directory with a Firebase project.
[info] You can create multiple project aliases by running firebase use --add, 
[info] 
[debug] [2025-12-05T18:27:16.713Z] > command requires scopes: ["email","openid","https://www.googleapis.com/auth/cloudplatformprojects.readonly","https://www.googleapis.com/auth/firebase","https://www.googleapis.com/auth/cloud-platform"]
[debug] [2025-12-05T18:27:16.713Z] > authorizing via signed-in user (amirmerrooo@gmail.com)
[debug] [2025-12-05T18:27:16.714Z] Checked if tokens are valid: true, expires at: 1764962214129
[debug] [2025-12-05T18:27:16.714Z] Checked if tokens are valid: true, expires at: 1764962214129
[debug] [2025-12-05T18:27:16.716Z] >>> [apiv2][query] GET https://firebase.googleapis.com/v1beta1/projects/smart-metersmart-mater [none]
[debug] [2025-12-05T18:27:17.247Z] <<< [apiv2][status] GET https://firebase.googleapis.com/v1beta1/projects/smart-metersmart-mater 200
[debug] [2025-12-05T18:27:17.247Z] <<< [apiv2][body] GET https://firebase.googleapis.com/v1beta1/projects/smart-metersmart-mater {"projectId":"smart-metersmart-mater","projectNumber":"885332980256","displayName":"smart-meter","name":"projects/smart-metersmart-mater","resources":{"hostingSite":"smart-metersmart-mater"},"state":"ACTIVE","etag":"1_a54e084a-6688-4a02-aebd-84d1d10953b3"}
[info] i  Using project smart-metersmart-mater (smart-meter) . 
[info] 
=== Hosting Setup
[debug] [2025-12-05T18:27:17.285Z] Checked if tokens are valid: true, expires at: 1764962214129
[debug] [2025-12-05T18:27:17.285Z] Checked if tokens are valid: true, expires at: 1764962214129
[debug] [2025-12-05T18:27:17.285Z] >>> [apiv2][query] GET https://firebase.googleapis.com/v1beta1/projects/smart-metersmart-mater [none]
[debug] [2025-12-05T18:27:17.530Z] <<< [apiv2][status] GET https://firebase.googleapis.com/v1beta1/projects/smart-metersmart-mater 200
[debug] [2025-12-05T18:27:17.530Z] <<< [apiv2][body] GET https://firebase.googleapis.com/v1beta1/projects/smart-metersmart-mater {"projectId":"smart-metersmart-mater","projectNumber":"885332980256","displayName":"smart-meter","name":"projects/smart-metersmart-mater","resources":{"hostingSite":"smart-metersmart-mater"},"state":"ACTIVE","etag":"1_a54e084a-6688-4a02-aebd-84d1d10953b3"}
[info] 
[info] Your public directory is the folder (relative to your project directory) that
[info] will contain Hosting assets to be uploaded with firebase deploy. If you
[info] have a build process for your assets, use your build's output directory.
[info] 
[info] 
[info] i  Didn't detect a .git folder. Assuming D:\PRIVATE.WORK\HTML\NDEDC_Meter_Calib\App is the project root. 
[info] i  Authorizing with GitHub to upload your service account to a GitHub repository's secrets store. 
[info] 
[info] Visit this URL on this device to log in:
[info] https://github.com/login/oauth/authorize?client_id=89cf50f02ac6aaed3484&state=260543202&redirect_uri=http%3A%2F%2Flocalhost%3A9005&scope=read%3Auser%20repo%20public_repo
[info] 
[info] Waiting for authentication...
[debug] [2025-12-05T18:30:41.664Z] >>> [apiv2][query] POST https://github.com/login/oauth/access_token [none]
[debug] [2025-12-05T18:30:41.664Z] >>> [apiv2][body] POST https://github.com/login/oauth/access_token [stream]
[debug] [2025-12-05T18:30:42.748Z] <<< [apiv2][status] POST https://github.com/login/oauth/access_token 200
[debug] [2025-12-05T18:30:42.749Z] <<< [apiv2][body] POST https://github.com/login/oauth/access_token {"access_token":"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","token_type":"bearer","scope":"read:user,repo"}
[debug] [2025-12-05T18:30:42.755Z] >>> [apiv2][query] GET https://api.github.com/user [none]
[debug] [2025-12-05T18:30:43.262Z] <<< [apiv2][status] GET https://api.github.com/user 200
[debug] [2025-12-05T18:30:43.262Z] <<< [apiv2][body] GET https://api.github.com/user {"login":"amirmerrooo","id":145101525,"node_id":"U_kgDOCKYS1Q","avatar_url":"https://avatars.githubusercontent.com/u/145101525?v=4","gravatar_id":"","url":"https://api.github.com/users/amirmerrooo","html_url":"https://github.com/amirmerrooo","followers_url":"https://api.github.com/users/amirmerrooo/followers","following_url":"https://api.github.com/users/amirmerrooo/following{/other_user}","gists_url":"https://api.github.com/users/amirmerrooo/gists{/gist_id}","starred_url":"https://api.github.com/users/amirmerrooo/starred{/owner}{/repo}","subscriptions_url":"https://api.github.com/users/amirmerrooo/subscriptions","organizations_url":"https://api.github.com/users/amirmerrooo/orgs","repos_url":"https://api.github.com/users/amirmerrooo/repos","events_url":"https://api.github.com/users/amirmerrooo/events{/privacy}","received_events_url":"https://api.github.com/users/amirmerrooo/received_events","type":"User","user_view_type":"private","site_admin":false,"name":null,"company":null,"blog":"","location":null,"email":null,"hireable":null,"bio":null,"twitter_username":null,"notification_email":null,"public_repos":2,"public_gists":0,"followers":0,"following":0,"created_at":"2023-09-15T07:02:55Z","updated_at":"2025-12-05T18:30:34Z","private_gists":0,"total_private_repos":0,"owned_private_repos":0,"disk_usage":203,"collaborators":0,"two_factor_authentication":false,"plan":{"name":"free","space":976562499,"collaborators":0,"private_repos":10000}}
[info] 
[info] +  Success! Logged into GitHub as amirmerrooo 
[info] 
[debug] [2025-12-05T18:30:43.266Z] >>> [apiv2][query] GET https://api.github.com/repos//actions/secrets/public-key type=owner
[debug] [2025-12-05T18:30:43.692Z] <<< [apiv2][status] GET https://api.github.com/repos//actions/secrets/public-key 404
[debug] [2025-12-05T18:30:43.692Z] <<< [apiv2][body] GET https://api.github.com/repos//actions/secrets/public-key {"message":"Not Found","documentation_url":"https://docs.github.com/rest","status":"404"}
[info] 
[info] 
[error] !  The provided authorization cannot be used with this repository. If this repository is in an organization, did you remember to grant access? 
[info] 
[info] i  Action required: Visit this URL to ensure access has been granted to the appropriate organization(s) for the Firebase CLI GitHub OAuth App: 
[info] https://github.com/settings/connections/applications/89cf50f02ac6aaed3484
[info] 
[debug] [2025-12-05T18:30:54.169Z] >>> [apiv2][query] GET https://api.github.com/repos/n/actions/secrets/public-key type=owner
[debug] [2025-12-05T18:30:54.626Z] <<< [apiv2][status] GET https://api.github.com/repos/n/actions/secrets/public-key 404
[debug] [2025-12-05T18:30:54.626Z] <<< [apiv2][body] GET https://api.github.com/repos/n/actions/secrets/public-key {"message":"Not Found","documentation_url":"https://docs.github.com/rest","status":"404"}
[info] 
[info] 
[error] !  The provided authorization cannot be used with this repository. If this repository is in an organization, did you remember to grant access? 
[info] 
[info] i  Action required: Visit this URL to ensure access has been granted to the appropriate organization(s) for the Firebase CLI GitHub OAuth App: 
[info] https://github.com/settings/connections/applications/89cf50f02ac6aaed3484
[info] 
